2022-06-05 19:42:39.931 [main] DEBUG com.example.tourplanner.logger.Log4J2Wrapper - This is a debug message.
2022-06-05 19:42:39.932 [main] FATAL com.example.tourplanner.logger.Log4J2Wrapper - This is a fatal message.
2022-06-05 19:42:39.932 [main] WARN  com.example.tourplanner.logger.Log4J2Wrapper - This is a warning message.
2022-06-05 19:42:39.933 [main] ERROR com.example.tourplanner.logger.Log4J2Wrapper - This is an error message.
2022-06-05 19:46:04.695 [main] DEBUG com.example.tourplanner.logger.Log4J2Wrapper - This is a debug message.
2022-06-05 19:46:04.697 [main] FATAL com.example.tourplanner.logger.Log4J2Wrapper - This is a fatal message.
2022-06-05 19:46:04.697 [main] WARN  com.example.tourplanner.logger.Log4J2Wrapper - This is a warning message.
2022-06-05 19:46:04.697 [main] ERROR com.example.tourplanner.logger.Log4J2Wrapper - This is an error message.
2022-06-05 19:47:49.019 [main] DEBUG com.example.tourplanner.logger.Log4J2Wrapper - This is a debug message.
2022-06-05 19:47:49.021 [main] FATAL com.example.tourplanner.logger.Log4J2Wrapper - This is a fatal message.
2022-06-05 19:47:49.021 [main] WARN  com.example.tourplanner.logger.Log4J2Wrapper - This is a warning message.
2022-06-05 19:47:49.021 [main] ERROR com.example.tourplanner.logger.Log4J2Wrapper - This is an error message.
2022-06-05 19:57:08.938 [main] DEBUG com.example.tourplanner.logger.Log4J2Wrapper - This is a debug message.
2022-06-05 19:57:08.939 [main] FATAL com.example.tourplanner.logger.Log4J2Wrapper - This is a fatal message.
2022-06-05 19:57:08.939 [main] WARN  com.example.tourplanner.logger.Log4J2Wrapper - This is a warning message.
2022-06-05 19:57:08.940 [main] ERROR com.example.tourplanner.logger.Log4J2Wrapper - This is an error message.
2022-06-05 19:57:24.513 [main] DEBUG com.example.tourplanner.logger.Log4J2Wrapper - This is a debug message.
2022-06-05 19:57:24.515 [main] FATAL com.example.tourplanner.logger.Log4J2Wrapper - This is a fatal message.
2022-06-05 19:57:24.515 [main] WARN  com.example.tourplanner.logger.Log4J2Wrapper - This is a warning message.
2022-06-05 19:57:24.515 [main] ERROR com.example.tourplanner.logger.Log4J2Wrapper - This is an error message.
2022-06-05 20:02:53.124 [main] DEBUG com.example.tourplanner.logger.Log4J2Wrapper - This is a debug message.
2022-06-05 20:02:53.125 [main] FATAL com.example.tourplanner.logger.Log4J2Wrapper - This is a fatal message.
2022-06-05 20:02:53.126 [main] WARN  com.example.tourplanner.logger.Log4J2Wrapper - This is a warning message.
2022-06-05 20:02:53.126 [main] ERROR com.example.tourplanner.logger.Log4J2Wrapper - This is an error message.
2022-06-05 20:12:12.326 [main] DEBUG com.example.tourplanner.logger.Log4J2Wrapper - This is a debug message.
2022-06-05 20:12:12.328 [main] FATAL com.example.tourplanner.logger.Log4J2Wrapper - This is a fatal message.
2022-06-05 20:12:12.328 [main] WARN  com.example.tourplanner.logger.Log4J2Wrapper - This is a warning message.
2022-06-05 20:12:12.328 [main] ERROR com.example.tourplanner.logger.Log4J2Wrapper - This is an error message.
2022-06-05 20:31:48.778 [main] ERROR com.example.tourplanner.logger.Log4J2Wrapper - This is an error message.
2022-06-05 20:31:49.551 [JavaFX Application Thread] ERROR com.example.tourplanner.logger.Log4J2Wrapper - This is an error message.
