2022-06-02 13:43:51.741 [main] DEBUG com.example.tourplanner.logger.Log4J2Wrapper - This is a debug message.
2022-06-02 13:43:51.743 [main] FATAL com.example.tourplanner.logger.Log4J2Wrapper - This is a fatal message.
2022-06-02 13:43:51.743 [main] WARN  com.example.tourplanner.logger.Log4J2Wrapper - This is a warning message.
2022-06-02 13:43:51.743 [main] ERROR com.example.tourplanner.logger.Log4J2Wrapper - This is an error message.
2022-06-02 13:46:27.116 [main] DEBUG com.example.tourplanner.logger.Log4J2Wrapper - This is a debug message.
2022-06-02 13:46:27.118 [main] FATAL com.example.tourplanner.logger.Log4J2Wrapper - This is a fatal message.
2022-06-02 13:46:27.118 [main] WARN  com.example.tourplanner.logger.Log4J2Wrapper - This is a warning message.
2022-06-02 13:46:27.118 [main] ERROR com.example.tourplanner.logger.Log4J2Wrapper - This is an error message.
2022-06-02 14:12:18.742 [main] DEBUG com.example.tourplanner.logger.Log4J2Wrapper - This is a debug message.
2022-06-02 14:12:18.743 [main] FATAL com.example.tourplanner.logger.Log4J2Wrapper - This is a fatal message.
2022-06-02 14:12:18.743 [main] WARN  com.example.tourplanner.logger.Log4J2Wrapper - This is a warning message.
2022-06-02 14:12:18.743 [main] ERROR com.example.tourplanner.logger.Log4J2Wrapper - This is an error message.
2022-06-02 14:12:29.040 [main] DEBUG com.example.tourplanner.logger.Log4J2Wrapper - This is a debug message.
2022-06-02 14:12:29.042 [main] FATAL com.example.tourplanner.logger.Log4J2Wrapper - This is a fatal message.
2022-06-02 14:12:29.042 [main] WARN  com.example.tourplanner.logger.Log4J2Wrapper - This is a warning message.
2022-06-02 14:12:29.042 [main] ERROR com.example.tourplanner.logger.Log4J2Wrapper - This is an error message.
2022-06-02 14:14:44.356 [main] DEBUG com.example.tourplanner.logger.Log4J2Wrapper - This is a debug message.
2022-06-02 14:14:44.357 [main] FATAL com.example.tourplanner.logger.Log4J2Wrapper - This is a fatal message.
2022-06-02 14:14:44.357 [main] WARN  com.example.tourplanner.logger.Log4J2Wrapper - This is a warning message.
2022-06-02 14:14:44.357 [main] ERROR com.example.tourplanner.logger.Log4J2Wrapper - This is an error message.
2022-06-02 14:19:59.444 [main] DEBUG com.example.tourplanner.logger.Log4J2Wrapper - This is a debug message.
2022-06-02 14:19:59.445 [main] FATAL com.example.tourplanner.logger.Log4J2Wrapper - This is a fatal message.
2022-06-02 14:19:59.445 [main] WARN  com.example.tourplanner.logger.Log4J2Wrapper - This is a warning message.
2022-06-02 14:19:59.445 [main] ERROR com.example.tourplanner.logger.Log4J2Wrapper - This is an error message.
2022-06-02 14:20:34.926 [main] DEBUG com.example.tourplanner.logger.Log4J2Wrapper - This is a debug message.
2022-06-02 14:20:34.927 [main] FATAL com.example.tourplanner.logger.Log4J2Wrapper - This is a fatal message.
2022-06-02 14:20:34.928 [main] WARN  com.example.tourplanner.logger.Log4J2Wrapper - This is a warning message.
2022-06-02 14:20:34.928 [main] ERROR com.example.tourplanner.logger.Log4J2Wrapper - This is an error message.
2022-06-02 14:20:57.788 [main] DEBUG com.example.tourplanner.logger.Log4J2Wrapper - This is a debug message.
2022-06-02 14:20:57.789 [main] FATAL com.example.tourplanner.logger.Log4J2Wrapper - This is a fatal message.
2022-06-02 14:20:57.789 [main] WARN  com.example.tourplanner.logger.Log4J2Wrapper - This is a warning message.
2022-06-02 14:20:57.790 [main] ERROR com.example.tourplanner.logger.Log4J2Wrapper - This is an error message.
2022-06-02 14:21:08.855 [main] DEBUG com.example.tourplanner.logger.Log4J2Wrapper - This is a debug message.
2022-06-02 14:21:08.856 [main] FATAL com.example.tourplanner.logger.Log4J2Wrapper - This is a fatal message.
2022-06-02 14:21:08.856 [main] WARN  com.example.tourplanner.logger.Log4J2Wrapper - This is a warning message.
2022-06-02 14:21:08.856 [main] ERROR com.example.tourplanner.logger.Log4J2Wrapper - This is an error message.
2022-06-02 14:25:26.790 [main] DEBUG com.example.tourplanner.logger.Log4J2Wrapper - This is a debug message.
2022-06-02 14:25:26.791 [main] FATAL com.example.tourplanner.logger.Log4J2Wrapper - This is a fatal message.
2022-06-02 14:25:26.791 [main] WARN  com.example.tourplanner.logger.Log4J2Wrapper - This is a warning message.
2022-06-02 14:25:26.791 [main] ERROR com.example.tourplanner.logger.Log4J2Wrapper - This is an error message.
2022-06-02 14:51:18.542 [main] DEBUG com.example.tourplanner.logger.Log4J2Wrapper - This is a debug message.
2022-06-02 14:51:18.543 [main] FATAL com.example.tourplanner.logger.Log4J2Wrapper - This is a fatal message.
2022-06-02 14:51:18.543 [main] WARN  com.example.tourplanner.logger.Log4J2Wrapper - This is a warning message.
2022-06-02 14:51:18.543 [main] ERROR com.example.tourplanner.logger.Log4J2Wrapper - This is an error message.
2022-06-02 14:55:07.334 [main] DEBUG com.example.tourplanner.logger.Log4J2Wrapper - This is a debug message.
2022-06-02 14:55:07.335 [main] FATAL com.example.tourplanner.logger.Log4J2Wrapper - This is a fatal message.
2022-06-02 14:55:07.336 [main] WARN  com.example.tourplanner.logger.Log4J2Wrapper - This is a warning message.
2022-06-02 14:55:07.336 [main] ERROR com.example.tourplanner.logger.Log4J2Wrapper - This is an error message.
2022-06-02 14:55:23.708 [main] DEBUG com.example.tourplanner.logger.Log4J2Wrapper - This is a debug message.
2022-06-02 14:55:23.709 [main] FATAL com.example.tourplanner.logger.Log4J2Wrapper - This is a fatal message.
2022-06-02 14:55:23.709 [main] WARN  com.example.tourplanner.logger.Log4J2Wrapper - This is a warning message.
2022-06-02 14:55:23.709 [main] ERROR com.example.tourplanner.logger.Log4J2Wrapper - This is an error message.
2022-06-02 14:56:11.574 [main] DEBUG com.example.tourplanner.logger.Log4J2Wrapper - This is a debug message.
2022-06-02 14:56:11.575 [main] FATAL com.example.tourplanner.logger.Log4J2Wrapper - This is a fatal message.
2022-06-02 14:56:11.575 [main] WARN  com.example.tourplanner.logger.Log4J2Wrapper - This is a warning message.
2022-06-02 14:56:11.576 [main] ERROR com.example.tourplanner.logger.Log4J2Wrapper - This is an error message.
2022-06-02 14:56:51.201 [main] DEBUG com.example.tourplanner.logger.Log4J2Wrapper - This is a debug message.
2022-06-02 14:56:51.203 [main] FATAL com.example.tourplanner.logger.Log4J2Wrapper - This is a fatal message.
2022-06-02 14:56:51.203 [main] WARN  com.example.tourplanner.logger.Log4J2Wrapper - This is a warning message.
2022-06-02 14:56:51.203 [main] ERROR com.example.tourplanner.logger.Log4J2Wrapper - This is an error message.
2022-06-02 14:57:10.464 [main] DEBUG com.example.tourplanner.logger.Log4J2Wrapper - This is a debug message.
2022-06-02 14:57:10.466 [main] FATAL com.example.tourplanner.logger.Log4J2Wrapper - This is a fatal message.
2022-06-02 14:57:10.466 [main] WARN  com.example.tourplanner.logger.Log4J2Wrapper - This is a warning message.
2022-06-02 14:57:10.466 [main] ERROR com.example.tourplanner.logger.Log4J2Wrapper - This is an error message.
2022-06-02 14:59:51.074 [main] DEBUG com.example.tourplanner.logger.Log4J2Wrapper - This is a debug message.
2022-06-02 14:59:51.075 [main] FATAL com.example.tourplanner.logger.Log4J2Wrapper - This is a fatal message.
2022-06-02 14:59:51.076 [main] WARN  com.example.tourplanner.logger.Log4J2Wrapper - This is a warning message.
2022-06-02 14:59:51.076 [main] ERROR com.example.tourplanner.logger.Log4J2Wrapper - This is an error message.
2022-06-02 15:00:08.376 [main] DEBUG com.example.tourplanner.logger.Log4J2Wrapper - This is a debug message.
2022-06-02 15:00:08.378 [main] FATAL com.example.tourplanner.logger.Log4J2Wrapper - This is a fatal message.
2022-06-02 15:00:08.378 [main] WARN  com.example.tourplanner.logger.Log4J2Wrapper - This is a warning message.
2022-06-02 15:00:08.378 [main] ERROR com.example.tourplanner.logger.Log4J2Wrapper - This is an error message.
2022-06-02 15:00:19.828 [main] DEBUG com.example.tourplanner.logger.Log4J2Wrapper - This is a debug message.
2022-06-02 15:00:19.829 [main] FATAL com.example.tourplanner.logger.Log4J2Wrapper - This is a fatal message.
2022-06-02 15:00:19.829 [main] WARN  com.example.tourplanner.logger.Log4J2Wrapper - This is a warning message.
2022-06-02 15:00:19.829 [main] ERROR com.example.tourplanner.logger.Log4J2Wrapper - This is an error message.
2022-06-02 15:00:52.759 [main] DEBUG com.example.tourplanner.logger.Log4J2Wrapper - This is a debug message.
2022-06-02 15:00:52.760 [main] FATAL com.example.tourplanner.logger.Log4J2Wrapper - This is a fatal message.
2022-06-02 15:00:52.760 [main] WARN  com.example.tourplanner.logger.Log4J2Wrapper - This is a warning message.
2022-06-02 15:00:52.761 [main] ERROR com.example.tourplanner.logger.Log4J2Wrapper - This is an error message.
2022-06-02 15:30:52.131 [main] DEBUG com.example.tourplanner.logger.Log4J2Wrapper - This is a debug message.
2022-06-02 15:30:52.133 [main] FATAL com.example.tourplanner.logger.Log4J2Wrapper - This is a fatal message.
2022-06-02 15:30:52.133 [main] WARN  com.example.tourplanner.logger.Log4J2Wrapper - This is a warning message.
2022-06-02 15:30:52.133 [main] ERROR com.example.tourplanner.logger.Log4J2Wrapper - This is an error message.
2022-06-02 15:31:04.806 [main] DEBUG com.example.tourplanner.logger.Log4J2Wrapper - This is a debug message.
2022-06-02 15:31:04.808 [main] FATAL com.example.tourplanner.logger.Log4J2Wrapper - This is a fatal message.
2022-06-02 15:31:04.808 [main] WARN  com.example.tourplanner.logger.Log4J2Wrapper - This is a warning message.
2022-06-02 15:31:04.808 [main] ERROR com.example.tourplanner.logger.Log4J2Wrapper - This is an error message.
2022-06-02 15:32:31.602 [main] DEBUG com.example.tourplanner.logger.Log4J2Wrapper - This is a debug message.
2022-06-02 15:32:31.604 [main] FATAL com.example.tourplanner.logger.Log4J2Wrapper - This is a fatal message.
2022-06-02 15:32:31.604 [main] WARN  com.example.tourplanner.logger.Log4J2Wrapper - This is a warning message.
2022-06-02 15:32:31.604 [main] ERROR com.example.tourplanner.logger.Log4J2Wrapper - This is an error message.
2022-06-02 15:32:48.777 [main] DEBUG com.example.tourplanner.logger.Log4J2Wrapper - This is a debug message.
2022-06-02 15:32:48.778 [main] FATAL com.example.tourplanner.logger.Log4J2Wrapper - This is a fatal message.
2022-06-02 15:32:48.779 [main] WARN  com.example.tourplanner.logger.Log4J2Wrapper - This is a warning message.
2022-06-02 15:32:48.779 [main] ERROR com.example.tourplanner.logger.Log4J2Wrapper - This is an error message.
2022-06-02 15:40:02.053 [main] DEBUG com.example.tourplanner.logger.Log4J2Wrapper - This is a debug message.
2022-06-02 15:40:02.055 [main] FATAL com.example.tourplanner.logger.Log4J2Wrapper - This is a fatal message.
2022-06-02 15:40:02.055 [main] WARN  com.example.tourplanner.logger.Log4J2Wrapper - This is a warning message.
2022-06-02 15:40:02.055 [main] ERROR com.example.tourplanner.logger.Log4J2Wrapper - This is an error message.
2022-06-02 15:40:56.582 [main] DEBUG com.example.tourplanner.logger.Log4J2Wrapper - This is a debug message.
2022-06-02 15:40:56.584 [main] FATAL com.example.tourplanner.logger.Log4J2Wrapper - This is a fatal message.
2022-06-02 15:40:56.584 [main] WARN  com.example.tourplanner.logger.Log4J2Wrapper - This is a warning message.
2022-06-02 15:40:56.584 [main] ERROR com.example.tourplanner.logger.Log4J2Wrapper - This is an error message.
2022-06-02 15:44:24.317 [main] DEBUG com.example.tourplanner.logger.Log4J2Wrapper - This is a debug message.
2022-06-02 15:44:24.319 [main] FATAL com.example.tourplanner.logger.Log4J2Wrapper - This is a fatal message.
2022-06-02 15:44:24.319 [main] WARN  com.example.tourplanner.logger.Log4J2Wrapper - This is a warning message.
2022-06-02 15:44:24.319 [main] ERROR com.example.tourplanner.logger.Log4J2Wrapper - This is an error message.
2022-06-02 15:45:15.662 [main] DEBUG com.example.tourplanner.logger.Log4J2Wrapper - This is a debug message.
2022-06-02 15:45:15.664 [main] FATAL com.example.tourplanner.logger.Log4J2Wrapper - This is a fatal message.
2022-06-02 15:45:15.664 [main] WARN  com.example.tourplanner.logger.Log4J2Wrapper - This is a warning message.
2022-06-02 15:45:15.664 [main] ERROR com.example.tourplanner.logger.Log4J2Wrapper - This is an error message.
2022-06-02 15:45:56.149 [main] DEBUG com.example.tourplanner.logger.Log4J2Wrapper - This is a debug message.
2022-06-02 15:45:56.151 [main] FATAL com.example.tourplanner.logger.Log4J2Wrapper - This is a fatal message.
2022-06-02 15:45:56.151 [main] WARN  com.example.tourplanner.logger.Log4J2Wrapper - This is a warning message.
2022-06-02 15:45:56.151 [main] ERROR com.example.tourplanner.logger.Log4J2Wrapper - This is an error message.
2022-06-02 15:46:16.980 [main] DEBUG com.example.tourplanner.logger.Log4J2Wrapper - This is a debug message.
2022-06-02 15:46:16.981 [main] FATAL com.example.tourplanner.logger.Log4J2Wrapper - This is a fatal message.
2022-06-02 15:46:16.981 [main] WARN  com.example.tourplanner.logger.Log4J2Wrapper - This is a warning message.
2022-06-02 15:46:16.982 [main] ERROR com.example.tourplanner.logger.Log4J2Wrapper - This is an error message.
2022-06-02 15:46:48.511 [main] DEBUG com.example.tourplanner.logger.Log4J2Wrapper - This is a debug message.
2022-06-02 15:46:48.512 [main] FATAL com.example.tourplanner.logger.Log4J2Wrapper - This is a fatal message.
2022-06-02 15:46:48.513 [main] WARN  com.example.tourplanner.logger.Log4J2Wrapper - This is a warning message.
2022-06-02 15:46:48.513 [main] ERROR com.example.tourplanner.logger.Log4J2Wrapper - This is an error message.
2022-06-02 15:47:20.583 [main] DEBUG com.example.tourplanner.logger.Log4J2Wrapper - This is a debug message.
2022-06-02 15:47:20.585 [main] FATAL com.example.tourplanner.logger.Log4J2Wrapper - This is a fatal message.
2022-06-02 15:47:20.585 [main] WARN  com.example.tourplanner.logger.Log4J2Wrapper - This is a warning message.
2022-06-02 15:47:20.585 [main] ERROR com.example.tourplanner.logger.Log4J2Wrapper - This is an error message.
2022-06-02 15:51:10.198 [main] DEBUG com.example.tourplanner.logger.Log4J2Wrapper - This is a debug message.
2022-06-02 15:51:10.200 [main] FATAL com.example.tourplanner.logger.Log4J2Wrapper - This is a fatal message.
2022-06-02 15:51:10.200 [main] WARN  com.example.tourplanner.logger.Log4J2Wrapper - This is a warning message.
2022-06-02 15:51:10.200 [main] ERROR com.example.tourplanner.logger.Log4J2Wrapper - This is an error message.
2022-06-02 15:53:24.946 [main] DEBUG com.example.tourplanner.logger.Log4J2Wrapper - This is a debug message.
2022-06-02 15:53:24.948 [main] FATAL com.example.tourplanner.logger.Log4J2Wrapper - This is a fatal message.
2022-06-02 15:53:24.948 [main] WARN  com.example.tourplanner.logger.Log4J2Wrapper - This is a warning message.
2022-06-02 15:53:24.948 [main] ERROR com.example.tourplanner.logger.Log4J2Wrapper - This is an error message.
2022-06-02 15:54:32.632 [main] DEBUG com.example.tourplanner.logger.Log4J2Wrapper - This is a debug message.
2022-06-02 15:54:32.633 [main] FATAL com.example.tourplanner.logger.Log4J2Wrapper - This is a fatal message.
2022-06-02 15:54:32.634 [main] WARN  com.example.tourplanner.logger.Log4J2Wrapper - This is a warning message.
2022-06-02 15:54:32.634 [main] ERROR com.example.tourplanner.logger.Log4J2Wrapper - This is an error message.
2022-06-02 15:55:42.273 [main] DEBUG com.example.tourplanner.logger.Log4J2Wrapper - This is a debug message.
2022-06-02 15:55:42.274 [main] FATAL com.example.tourplanner.logger.Log4J2Wrapper - This is a fatal message.
2022-06-02 15:55:42.274 [main] WARN  com.example.tourplanner.logger.Log4J2Wrapper - This is a warning message.
2022-06-02 15:55:42.274 [main] ERROR com.example.tourplanner.logger.Log4J2Wrapper - This is an error message.
2022-06-02 15:56:41.701 [main] DEBUG com.example.tourplanner.logger.Log4J2Wrapper - This is a debug message.
2022-06-02 15:56:41.702 [main] FATAL com.example.tourplanner.logger.Log4J2Wrapper - This is a fatal message.
2022-06-02 15:56:41.703 [main] WARN  com.example.tourplanner.logger.Log4J2Wrapper - This is a warning message.
2022-06-02 15:56:41.703 [main] ERROR com.example.tourplanner.logger.Log4J2Wrapper - This is an error message.
2022-06-02 15:57:44.944 [main] DEBUG com.example.tourplanner.logger.Log4J2Wrapper - This is a debug message.
2022-06-02 15:57:44.946 [main] FATAL com.example.tourplanner.logger.Log4J2Wrapper - This is a fatal message.
2022-06-02 15:57:44.946 [main] WARN  com.example.tourplanner.logger.Log4J2Wrapper - This is a warning message.
2022-06-02 15:57:44.946 [main] ERROR com.example.tourplanner.logger.Log4J2Wrapper - This is an error message.
2022-06-02 15:59:51.442 [main] DEBUG com.example.tourplanner.logger.Log4J2Wrapper - This is a debug message.
2022-06-02 15:59:51.443 [main] FATAL com.example.tourplanner.logger.Log4J2Wrapper - This is a fatal message.
2022-06-02 15:59:51.444 [main] WARN  com.example.tourplanner.logger.Log4J2Wrapper - This is a warning message.
2022-06-02 15:59:51.444 [main] ERROR com.example.tourplanner.logger.Log4J2Wrapper - This is an error message.
2022-06-02 16:06:32.495 [main] DEBUG com.example.tourplanner.logger.Log4J2Wrapper - This is a debug message.
2022-06-02 16:06:32.496 [main] FATAL com.example.tourplanner.logger.Log4J2Wrapper - This is a fatal message.
2022-06-02 16:06:32.496 [main] WARN  com.example.tourplanner.logger.Log4J2Wrapper - This is a warning message.
2022-06-02 16:06:32.496 [main] ERROR com.example.tourplanner.logger.Log4J2Wrapper - This is an error message.
2022-06-02 16:07:36.320 [main] DEBUG com.example.tourplanner.logger.Log4J2Wrapper - This is a debug message.
2022-06-02 16:07:36.321 [main] FATAL com.example.tourplanner.logger.Log4J2Wrapper - This is a fatal message.
2022-06-02 16:07:36.321 [main] WARN  com.example.tourplanner.logger.Log4J2Wrapper - This is a warning message.
2022-06-02 16:07:36.322 [main] ERROR com.example.tourplanner.logger.Log4J2Wrapper - This is an error message.
2022-06-02 16:08:01.290 [main] DEBUG com.example.tourplanner.logger.Log4J2Wrapper - This is a debug message.
2022-06-02 16:08:01.291 [main] FATAL com.example.tourplanner.logger.Log4J2Wrapper - This is a fatal message.
2022-06-02 16:08:01.292 [main] WARN  com.example.tourplanner.logger.Log4J2Wrapper - This is a warning message.
2022-06-02 16:08:01.292 [main] ERROR com.example.tourplanner.logger.Log4J2Wrapper - This is an error message.
2022-06-02 16:09:42.924 [main] DEBUG com.example.tourplanner.logger.Log4J2Wrapper - This is a debug message.
2022-06-02 16:09:42.925 [main] FATAL com.example.tourplanner.logger.Log4J2Wrapper - This is a fatal message.
2022-06-02 16:09:42.925 [main] WARN  com.example.tourplanner.logger.Log4J2Wrapper - This is a warning message.
2022-06-02 16:09:42.925 [main] ERROR com.example.tourplanner.logger.Log4J2Wrapper - This is an error message.
2022-06-02 16:11:10.595 [main] DEBUG com.example.tourplanner.logger.Log4J2Wrapper - This is a debug message.
2022-06-02 16:11:10.596 [main] FATAL com.example.tourplanner.logger.Log4J2Wrapper - This is a fatal message.
2022-06-02 16:11:10.596 [main] WARN  com.example.tourplanner.logger.Log4J2Wrapper - This is a warning message.
2022-06-02 16:11:10.597 [main] ERROR com.example.tourplanner.logger.Log4J2Wrapper - This is an error message.
2022-06-02 16:13:07.204 [main] DEBUG com.example.tourplanner.logger.Log4J2Wrapper - This is a debug message.
2022-06-02 16:13:07.206 [main] FATAL com.example.tourplanner.logger.Log4J2Wrapper - This is a fatal message.
2022-06-02 16:13:07.206 [main] WARN  com.example.tourplanner.logger.Log4J2Wrapper - This is a warning message.
2022-06-02 16:13:07.206 [main] ERROR com.example.tourplanner.logger.Log4J2Wrapper - This is an error message.
2022-06-02 16:14:45.047 [main] DEBUG com.example.tourplanner.logger.Log4J2Wrapper - This is a debug message.
2022-06-02 16:14:45.049 [main] FATAL com.example.tourplanner.logger.Log4J2Wrapper - This is a fatal message.
2022-06-02 16:14:45.049 [main] WARN  com.example.tourplanner.logger.Log4J2Wrapper - This is a warning message.
2022-06-02 16:14:45.049 [main] ERROR com.example.tourplanner.logger.Log4J2Wrapper - This is an error message.
2022-06-02 16:17:06.603 [main] DEBUG com.example.tourplanner.logger.Log4J2Wrapper - This is a debug message.
2022-06-02 16:17:06.604 [main] FATAL com.example.tourplanner.logger.Log4J2Wrapper - This is a fatal message.
2022-06-02 16:17:06.604 [main] WARN  com.example.tourplanner.logger.Log4J2Wrapper - This is a warning message.
2022-06-02 16:17:06.604 [main] ERROR com.example.tourplanner.logger.Log4J2Wrapper - This is an error message.
2022-06-02 16:18:12.710 [main] DEBUG com.example.tourplanner.logger.Log4J2Wrapper - This is a debug message.
2022-06-02 16:18:12.712 [main] FATAL com.example.tourplanner.logger.Log4J2Wrapper - This is a fatal message.
2022-06-02 16:18:12.712 [main] WARN  com.example.tourplanner.logger.Log4J2Wrapper - This is a warning message.
2022-06-02 16:18:12.712 [main] ERROR com.example.tourplanner.logger.Log4J2Wrapper - This is an error message.
2022-06-02 16:19:26.027 [main] DEBUG com.example.tourplanner.logger.Log4J2Wrapper - This is a debug message.
2022-06-02 16:19:26.029 [main] FATAL com.example.tourplanner.logger.Log4J2Wrapper - This is a fatal message.
2022-06-02 16:19:26.029 [main] WARN  com.example.tourplanner.logger.Log4J2Wrapper - This is a warning message.
2022-06-02 16:19:26.029 [main] ERROR com.example.tourplanner.logger.Log4J2Wrapper - This is an error message.
2022-06-02 16:20:06.684 [main] DEBUG com.example.tourplanner.logger.Log4J2Wrapper - This is a debug message.
2022-06-02 16:20:06.686 [main] FATAL com.example.tourplanner.logger.Log4J2Wrapper - This is a fatal message.
2022-06-02 16:20:06.686 [main] WARN  com.example.tourplanner.logger.Log4J2Wrapper - This is a warning message.
2022-06-02 16:20:06.686 [main] ERROR com.example.tourplanner.logger.Log4J2Wrapper - This is an error message.
2022-06-02 16:20:35.689 [main] DEBUG com.example.tourplanner.logger.Log4J2Wrapper - This is a debug message.
2022-06-02 16:20:35.691 [main] FATAL com.example.tourplanner.logger.Log4J2Wrapper - This is a fatal message.
2022-06-02 16:20:35.691 [main] WARN  com.example.tourplanner.logger.Log4J2Wrapper - This is a warning message.
2022-06-02 16:20:35.691 [main] ERROR com.example.tourplanner.logger.Log4J2Wrapper - This is an error message.
2022-06-02 16:23:06.235 [main] DEBUG com.example.tourplanner.logger.Log4J2Wrapper - This is a debug message.
2022-06-02 16:23:06.237 [main] FATAL com.example.tourplanner.logger.Log4J2Wrapper - This is a fatal message.
2022-06-02 16:23:06.237 [main] WARN  com.example.tourplanner.logger.Log4J2Wrapper - This is a warning message.
2022-06-02 16:23:06.237 [main] ERROR com.example.tourplanner.logger.Log4J2Wrapper - This is an error message.
2022-06-02 16:23:28.900 [main] DEBUG com.example.tourplanner.logger.Log4J2Wrapper - This is a debug message.
2022-06-02 16:23:28.901 [main] FATAL com.example.tourplanner.logger.Log4J2Wrapper - This is a fatal message.
2022-06-02 16:23:28.901 [main] WARN  com.example.tourplanner.logger.Log4J2Wrapper - This is a warning message.
2022-06-02 16:23:28.902 [main] ERROR com.example.tourplanner.logger.Log4J2Wrapper - This is an error message.
2022-06-02 16:23:53.618 [main] DEBUG com.example.tourplanner.logger.Log4J2Wrapper - This is a debug message.
2022-06-02 16:23:53.619 [main] FATAL com.example.tourplanner.logger.Log4J2Wrapper - This is a fatal message.
2022-06-02 16:23:53.619 [main] WARN  com.example.tourplanner.logger.Log4J2Wrapper - This is a warning message.
2022-06-02 16:23:53.620 [main] ERROR com.example.tourplanner.logger.Log4J2Wrapper - This is an error message.
2022-06-02 16:24:41.248 [main] DEBUG com.example.tourplanner.logger.Log4J2Wrapper - This is a debug message.
2022-06-02 16:24:41.249 [main] FATAL com.example.tourplanner.logger.Log4J2Wrapper - This is a fatal message.
2022-06-02 16:24:41.249 [main] WARN  com.example.tourplanner.logger.Log4J2Wrapper - This is a warning message.
2022-06-02 16:24:41.249 [main] ERROR com.example.tourplanner.logger.Log4J2Wrapper - This is an error message.
2022-06-02 16:24:58.779 [main] DEBUG com.example.tourplanner.logger.Log4J2Wrapper - This is a debug message.
2022-06-02 16:24:58.781 [main] FATAL com.example.tourplanner.logger.Log4J2Wrapper - This is a fatal message.
2022-06-02 16:24:58.781 [main] WARN  com.example.tourplanner.logger.Log4J2Wrapper - This is a warning message.
2022-06-02 16:24:58.781 [main] ERROR com.example.tourplanner.logger.Log4J2Wrapper - This is an error message.
2022-06-02 16:25:16.905 [main] DEBUG com.example.tourplanner.logger.Log4J2Wrapper - This is a debug message.
2022-06-02 16:25:16.906 [main] FATAL com.example.tourplanner.logger.Log4J2Wrapper - This is a fatal message.
2022-06-02 16:25:16.906 [main] WARN  com.example.tourplanner.logger.Log4J2Wrapper - This is a warning message.
2022-06-02 16:25:16.906 [main] ERROR com.example.tourplanner.logger.Log4J2Wrapper - This is an error message.
2022-06-02 16:25:51.296 [main] DEBUG com.example.tourplanner.logger.Log4J2Wrapper - This is a debug message.
2022-06-02 16:25:51.298 [main] FATAL com.example.tourplanner.logger.Log4J2Wrapper - This is a fatal message.
2022-06-02 16:25:51.298 [main] WARN  com.example.tourplanner.logger.Log4J2Wrapper - This is a warning message.
2022-06-02 16:25:51.298 [main] ERROR com.example.tourplanner.logger.Log4J2Wrapper - This is an error message.
2022-06-02 16:26:13.892 [main] DEBUG com.example.tourplanner.logger.Log4J2Wrapper - This is a debug message.
2022-06-02 16:26:13.893 [main] FATAL com.example.tourplanner.logger.Log4J2Wrapper - This is a fatal message.
2022-06-02 16:26:13.893 [main] WARN  com.example.tourplanner.logger.Log4J2Wrapper - This is a warning message.
2022-06-02 16:26:13.893 [main] ERROR com.example.tourplanner.logger.Log4J2Wrapper - This is an error message.
2022-06-02 16:26:23.425 [main] DEBUG com.example.tourplanner.logger.Log4J2Wrapper - This is a debug message.
2022-06-02 16:26:23.426 [main] FATAL com.example.tourplanner.logger.Log4J2Wrapper - This is a fatal message.
2022-06-02 16:26:23.426 [main] WARN  com.example.tourplanner.logger.Log4J2Wrapper - This is a warning message.
2022-06-02 16:26:23.427 [main] ERROR com.example.tourplanner.logger.Log4J2Wrapper - This is an error message.
2022-06-02 16:26:33.900 [main] DEBUG com.example.tourplanner.logger.Log4J2Wrapper - This is a debug message.
2022-06-02 16:26:33.901 [main] FATAL com.example.tourplanner.logger.Log4J2Wrapper - This is a fatal message.
2022-06-02 16:26:33.902 [main] WARN  com.example.tourplanner.logger.Log4J2Wrapper - This is a warning message.
2022-06-02 16:26:33.902 [main] ERROR com.example.tourplanner.logger.Log4J2Wrapper - This is an error message.
2022-06-02 16:27:10.566 [main] DEBUG com.example.tourplanner.logger.Log4J2Wrapper - This is a debug message.
2022-06-02 16:27:10.567 [main] FATAL com.example.tourplanner.logger.Log4J2Wrapper - This is a fatal message.
2022-06-02 16:27:10.567 [main] WARN  com.example.tourplanner.logger.Log4J2Wrapper - This is a warning message.
2022-06-02 16:27:10.568 [main] ERROR com.example.tourplanner.logger.Log4J2Wrapper - This is an error message.
2022-06-02 16:27:54.230 [main] DEBUG com.example.tourplanner.logger.Log4J2Wrapper - This is a debug message.
2022-06-02 16:27:54.232 [main] FATAL com.example.tourplanner.logger.Log4J2Wrapper - This is a fatal message.
2022-06-02 16:27:54.232 [main] WARN  com.example.tourplanner.logger.Log4J2Wrapper - This is a warning message.
2022-06-02 16:27:54.232 [main] ERROR com.example.tourplanner.logger.Log4J2Wrapper - This is an error message.
2022-06-02 16:29:13.979 [main] DEBUG com.example.tourplanner.logger.Log4J2Wrapper - This is a debug message.
2022-06-02 16:29:13.981 [main] FATAL com.example.tourplanner.logger.Log4J2Wrapper - This is a fatal message.
2022-06-02 16:29:13.981 [main] WARN  com.example.tourplanner.logger.Log4J2Wrapper - This is a warning message.
2022-06-02 16:29:13.981 [main] ERROR com.example.tourplanner.logger.Log4J2Wrapper - This is an error message.
2022-06-02 16:31:11.658 [main] DEBUG com.example.tourplanner.logger.Log4J2Wrapper - This is a debug message.
2022-06-02 16:31:11.660 [main] FATAL com.example.tourplanner.logger.Log4J2Wrapper - This is a fatal message.
2022-06-02 16:31:11.660 [main] WARN  com.example.tourplanner.logger.Log4J2Wrapper - This is a warning message.
2022-06-02 16:31:11.660 [main] ERROR com.example.tourplanner.logger.Log4J2Wrapper - This is an error message.
2022-06-02 16:33:46.081 [main] DEBUG com.example.tourplanner.logger.Log4J2Wrapper - This is a debug message.
2022-06-02 16:33:46.083 [main] FATAL com.example.tourplanner.logger.Log4J2Wrapper - This is a fatal message.
2022-06-02 16:33:46.083 [main] WARN  com.example.tourplanner.logger.Log4J2Wrapper - This is a warning message.
2022-06-02 16:33:46.083 [main] ERROR com.example.tourplanner.logger.Log4J2Wrapper - This is an error message.
2022-06-02 16:34:13.828 [main] DEBUG com.example.tourplanner.logger.Log4J2Wrapper - This is a debug message.
2022-06-02 16:34:13.829 [main] FATAL com.example.tourplanner.logger.Log4J2Wrapper - This is a fatal message.
2022-06-02 16:34:13.830 [main] WARN  com.example.tourplanner.logger.Log4J2Wrapper - This is a warning message.
2022-06-02 16:34:13.830 [main] ERROR com.example.tourplanner.logger.Log4J2Wrapper - This is an error message.
2022-06-02 16:34:41.101 [main] DEBUG com.example.tourplanner.logger.Log4J2Wrapper - This is a debug message.
2022-06-02 16:34:41.103 [main] FATAL com.example.tourplanner.logger.Log4J2Wrapper - This is a fatal message.
2022-06-02 16:34:41.103 [main] WARN  com.example.tourplanner.logger.Log4J2Wrapper - This is a warning message.
2022-06-02 16:34:41.103 [main] ERROR com.example.tourplanner.logger.Log4J2Wrapper - This is an error message.
2022-06-02 16:38:23.892 [main] DEBUG com.example.tourplanner.logger.Log4J2Wrapper - This is a debug message.
2022-06-02 16:38:23.893 [main] FATAL com.example.tourplanner.logger.Log4J2Wrapper - This is a fatal message.
2022-06-02 16:38:23.893 [main] WARN  com.example.tourplanner.logger.Log4J2Wrapper - This is a warning message.
2022-06-02 16:38:23.893 [main] ERROR com.example.tourplanner.logger.Log4J2Wrapper - This is an error message.
2022-06-02 16:39:34.448 [main] DEBUG com.example.tourplanner.logger.Log4J2Wrapper - This is a debug message.
2022-06-02 16:39:34.449 [main] FATAL com.example.tourplanner.logger.Log4J2Wrapper - This is a fatal message.
2022-06-02 16:39:34.449 [main] WARN  com.example.tourplanner.logger.Log4J2Wrapper - This is a warning message.
2022-06-02 16:39:34.450 [main] ERROR com.example.tourplanner.logger.Log4J2Wrapper - This is an error message.
2022-06-02 16:55:43.516 [main] DEBUG com.example.tourplanner.logger.Log4J2Wrapper - This is a debug message.
2022-06-02 16:55:43.518 [main] FATAL com.example.tourplanner.logger.Log4J2Wrapper - This is a fatal message.
2022-06-02 16:55:43.518 [main] WARN  com.example.tourplanner.logger.Log4J2Wrapper - This is a warning message.
2022-06-02 16:55:43.518 [main] ERROR com.example.tourplanner.logger.Log4J2Wrapper - This is an error message.
2022-06-02 16:56:48.848 [main] DEBUG com.example.tourplanner.logger.Log4J2Wrapper - This is a debug message.
2022-06-02 16:56:48.850 [main] FATAL com.example.tourplanner.logger.Log4J2Wrapper - This is a fatal message.
2022-06-02 16:56:48.850 [main] WARN  com.example.tourplanner.logger.Log4J2Wrapper - This is a warning message.
2022-06-02 16:56:48.850 [main] ERROR com.example.tourplanner.logger.Log4J2Wrapper - This is an error message.
2022-06-02 16:57:53.390 [main] DEBUG com.example.tourplanner.logger.Log4J2Wrapper - This is a debug message.
2022-06-02 16:57:53.392 [main] FATAL com.example.tourplanner.logger.Log4J2Wrapper - This is a fatal message.
2022-06-02 16:57:53.392 [main] WARN  com.example.tourplanner.logger.Log4J2Wrapper - This is a warning message.
2022-06-02 16:57:53.392 [main] ERROR com.example.tourplanner.logger.Log4J2Wrapper - This is an error message.
2022-06-02 17:19:10.979 [main] DEBUG com.example.tourplanner.logger.Log4J2Wrapper - This is a debug message.
2022-06-02 17:19:10.981 [main] FATAL com.example.tourplanner.logger.Log4J2Wrapper - This is a fatal message.
2022-06-02 17:19:10.981 [main] WARN  com.example.tourplanner.logger.Log4J2Wrapper - This is a warning message.
2022-06-02 17:19:10.981 [main] ERROR com.example.tourplanner.logger.Log4J2Wrapper - This is an error message.
2022-06-02 17:19:59.329 [main] DEBUG com.example.tourplanner.logger.Log4J2Wrapper - This is a debug message.
2022-06-02 17:19:59.330 [main] FATAL com.example.tourplanner.logger.Log4J2Wrapper - This is a fatal message.
2022-06-02 17:19:59.330 [main] WARN  com.example.tourplanner.logger.Log4J2Wrapper - This is a warning message.
2022-06-02 17:19:59.331 [main] ERROR com.example.tourplanner.logger.Log4J2Wrapper - This is an error message.
2022-06-02 17:21:59.127 [main] DEBUG com.example.tourplanner.logger.Log4J2Wrapper - This is a debug message.
2022-06-02 17:21:59.128 [main] FATAL com.example.tourplanner.logger.Log4J2Wrapper - This is a fatal message.
2022-06-02 17:21:59.128 [main] WARN  com.example.tourplanner.logger.Log4J2Wrapper - This is a warning message.
2022-06-02 17:21:59.128 [main] ERROR com.example.tourplanner.logger.Log4J2Wrapper - This is an error message.
2022-06-02 17:22:20.310 [main] DEBUG com.example.tourplanner.logger.Log4J2Wrapper - This is a debug message.
2022-06-02 17:22:20.311 [main] FATAL com.example.tourplanner.logger.Log4J2Wrapper - This is a fatal message.
2022-06-02 17:22:20.311 [main] WARN  com.example.tourplanner.logger.Log4J2Wrapper - This is a warning message.
2022-06-02 17:22:20.311 [main] ERROR com.example.tourplanner.logger.Log4J2Wrapper - This is an error message.
2022-06-02 17:22:34.712 [main] DEBUG com.example.tourplanner.logger.Log4J2Wrapper - This is a debug message.
2022-06-02 17:22:34.714 [main] FATAL com.example.tourplanner.logger.Log4J2Wrapper - This is a fatal message.
2022-06-02 17:22:34.714 [main] WARN  com.example.tourplanner.logger.Log4J2Wrapper - This is a warning message.
2022-06-02 17:22:34.714 [main] ERROR com.example.tourplanner.logger.Log4J2Wrapper - This is an error message.
2022-06-02 17:22:57.946 [main] DEBUG com.example.tourplanner.logger.Log4J2Wrapper - This is a debug message.
2022-06-02 17:22:57.947 [main] FATAL com.example.tourplanner.logger.Log4J2Wrapper - This is a fatal message.
2022-06-02 17:22:57.947 [main] WARN  com.example.tourplanner.logger.Log4J2Wrapper - This is a warning message.
2022-06-02 17:22:57.948 [main] ERROR com.example.tourplanner.logger.Log4J2Wrapper - This is an error message.
2022-06-02 17:26:37.035 [main] DEBUG com.example.tourplanner.logger.Log4J2Wrapper - This is a debug message.
2022-06-02 17:26:37.037 [main] FATAL com.example.tourplanner.logger.Log4J2Wrapper - This is a fatal message.
2022-06-02 17:26:37.037 [main] WARN  com.example.tourplanner.logger.Log4J2Wrapper - This is a warning message.
2022-06-02 17:26:37.037 [main] ERROR com.example.tourplanner.logger.Log4J2Wrapper - This is an error message.
2022-06-02 17:27:20.422 [main] DEBUG com.example.tourplanner.logger.Log4J2Wrapper - This is a debug message.
2022-06-02 17:27:20.424 [main] FATAL com.example.tourplanner.logger.Log4J2Wrapper - This is a fatal message.
2022-06-02 17:27:20.424 [main] WARN  com.example.tourplanner.logger.Log4J2Wrapper - This is a warning message.
2022-06-02 17:27:20.424 [main] ERROR com.example.tourplanner.logger.Log4J2Wrapper - This is an error message.
2022-06-02 17:27:33.678 [main] DEBUG com.example.tourplanner.logger.Log4J2Wrapper - This is a debug message.
2022-06-02 17:27:33.680 [main] FATAL com.example.tourplanner.logger.Log4J2Wrapper - This is a fatal message.
2022-06-02 17:27:33.680 [main] WARN  com.example.tourplanner.logger.Log4J2Wrapper - This is a warning message.
2022-06-02 17:27:33.680 [main] ERROR com.example.tourplanner.logger.Log4J2Wrapper - This is an error message.
2022-06-02 17:27:51.701 [main] DEBUG com.example.tourplanner.logger.Log4J2Wrapper - This is a debug message.
2022-06-02 17:27:51.702 [main] FATAL com.example.tourplanner.logger.Log4J2Wrapper - This is a fatal message.
2022-06-02 17:27:51.702 [main] WARN  com.example.tourplanner.logger.Log4J2Wrapper - This is a warning message.
2022-06-02 17:27:51.702 [main] ERROR com.example.tourplanner.logger.Log4J2Wrapper - This is an error message.
2022-06-02 17:28:02.650 [main] DEBUG com.example.tourplanner.logger.Log4J2Wrapper - This is a debug message.
2022-06-02 17:28:02.652 [main] FATAL com.example.tourplanner.logger.Log4J2Wrapper - This is a fatal message.
2022-06-02 17:28:02.652 [main] WARN  com.example.tourplanner.logger.Log4J2Wrapper - This is a warning message.
2022-06-02 17:28:02.652 [main] ERROR com.example.tourplanner.logger.Log4J2Wrapper - This is an error message.
2022-06-02 17:28:16.184 [main] DEBUG com.example.tourplanner.logger.Log4J2Wrapper - This is a debug message.
2022-06-02 17:28:16.185 [main] FATAL com.example.tourplanner.logger.Log4J2Wrapper - This is a fatal message.
2022-06-02 17:28:16.185 [main] WARN  com.example.tourplanner.logger.Log4J2Wrapper - This is a warning message.
2022-06-02 17:28:16.186 [main] ERROR com.example.tourplanner.logger.Log4J2Wrapper - This is an error message.
2022-06-02 17:29:50.738 [main] DEBUG com.example.tourplanner.logger.Log4J2Wrapper - This is a debug message.
2022-06-02 17:29:50.739 [main] FATAL com.example.tourplanner.logger.Log4J2Wrapper - This is a fatal message.
2022-06-02 17:29:50.739 [main] WARN  com.example.tourplanner.logger.Log4J2Wrapper - This is a warning message.
2022-06-02 17:29:50.739 [main] ERROR com.example.tourplanner.logger.Log4J2Wrapper - This is an error message.
2022-06-02 17:31:42.286 [main] DEBUG com.example.tourplanner.logger.Log4J2Wrapper - This is a debug message.
2022-06-02 17:31:42.288 [main] FATAL com.example.tourplanner.logger.Log4J2Wrapper - This is a fatal message.
2022-06-02 17:31:42.288 [main] WARN  com.example.tourplanner.logger.Log4J2Wrapper - This is a warning message.
2022-06-02 17:31:42.288 [main] ERROR com.example.tourplanner.logger.Log4J2Wrapper - This is an error message.
2022-06-02 17:32:33.094 [main] DEBUG com.example.tourplanner.logger.Log4J2Wrapper - This is a debug message.
2022-06-02 17:32:33.096 [main] FATAL com.example.tourplanner.logger.Log4J2Wrapper - This is a fatal message.
2022-06-02 17:32:33.096 [main] WARN  com.example.tourplanner.logger.Log4J2Wrapper - This is a warning message.
2022-06-02 17:32:33.096 [main] ERROR com.example.tourplanner.logger.Log4J2Wrapper - This is an error message.
2022-06-02 17:33:24.098 [main] DEBUG com.example.tourplanner.logger.Log4J2Wrapper - This is a debug message.
2022-06-02 17:33:24.100 [main] FATAL com.example.tourplanner.logger.Log4J2Wrapper - This is a fatal message.
2022-06-02 17:33:24.100 [main] WARN  com.example.tourplanner.logger.Log4J2Wrapper - This is a warning message.
2022-06-02 17:33:24.100 [main] ERROR com.example.tourplanner.logger.Log4J2Wrapper - This is an error message.
2022-06-02 17:33:38.563 [main] DEBUG com.example.tourplanner.logger.Log4J2Wrapper - This is a debug message.
2022-06-02 17:33:38.565 [main] FATAL com.example.tourplanner.logger.Log4J2Wrapper - This is a fatal message.
2022-06-02 17:33:38.565 [main] WARN  com.example.tourplanner.logger.Log4J2Wrapper - This is a warning message.
2022-06-02 17:33:38.565 [main] ERROR com.example.tourplanner.logger.Log4J2Wrapper - This is an error message.
2022-06-02 17:34:05.776 [main] DEBUG com.example.tourplanner.logger.Log4J2Wrapper - This is a debug message.
2022-06-02 17:34:05.777 [main] FATAL com.example.tourplanner.logger.Log4J2Wrapper - This is a fatal message.
2022-06-02 17:34:05.777 [main] WARN  com.example.tourplanner.logger.Log4J2Wrapper - This is a warning message.
2022-06-02 17:34:05.777 [main] ERROR com.example.tourplanner.logger.Log4J2Wrapper - This is an error message.
2022-06-02 17:35:17.416 [main] DEBUG com.example.tourplanner.logger.Log4J2Wrapper - This is a debug message.
2022-06-02 17:35:17.417 [main] FATAL com.example.tourplanner.logger.Log4J2Wrapper - This is a fatal message.
2022-06-02 17:35:17.417 [main] WARN  com.example.tourplanner.logger.Log4J2Wrapper - This is a warning message.
2022-06-02 17:35:17.418 [main] ERROR com.example.tourplanner.logger.Log4J2Wrapper - This is an error message.
2022-06-02 17:35:31.654 [main] DEBUG com.example.tourplanner.logger.Log4J2Wrapper - This is a debug message.
2022-06-02 17:35:31.655 [main] FATAL com.example.tourplanner.logger.Log4J2Wrapper - This is a fatal message.
2022-06-02 17:35:31.656 [main] WARN  com.example.tourplanner.logger.Log4J2Wrapper - This is a warning message.
2022-06-02 17:35:31.656 [main] ERROR com.example.tourplanner.logger.Log4J2Wrapper - This is an error message.
2022-06-02 17:36:48.833 [main] DEBUG com.example.tourplanner.logger.Log4J2Wrapper - This is a debug message.
2022-06-02 17:36:48.834 [main] FATAL com.example.tourplanner.logger.Log4J2Wrapper - This is a fatal message.
2022-06-02 17:36:48.835 [main] WARN  com.example.tourplanner.logger.Log4J2Wrapper - This is a warning message.
2022-06-02 17:36:48.835 [main] ERROR com.example.tourplanner.logger.Log4J2Wrapper - This is an error message.
2022-06-02 17:37:14.250 [main] DEBUG com.example.tourplanner.logger.Log4J2Wrapper - This is a debug message.
2022-06-02 17:37:14.251 [main] FATAL com.example.tourplanner.logger.Log4J2Wrapper - This is a fatal message.
2022-06-02 17:37:14.252 [main] WARN  com.example.tourplanner.logger.Log4J2Wrapper - This is a warning message.
2022-06-02 17:37:14.252 [main] ERROR com.example.tourplanner.logger.Log4J2Wrapper - This is an error message.
2022-06-02 17:38:08.380 [main] DEBUG com.example.tourplanner.logger.Log4J2Wrapper - This is a debug message.
2022-06-02 17:38:08.381 [main] FATAL com.example.tourplanner.logger.Log4J2Wrapper - This is a fatal message.
2022-06-02 17:38:08.381 [main] WARN  com.example.tourplanner.logger.Log4J2Wrapper - This is a warning message.
2022-06-02 17:38:08.381 [main] ERROR com.example.tourplanner.logger.Log4J2Wrapper - This is an error message.
2022-06-02 17:38:18.469 [main] DEBUG com.example.tourplanner.logger.Log4J2Wrapper - This is a debug message.
2022-06-02 17:38:18.471 [main] FATAL com.example.tourplanner.logger.Log4J2Wrapper - This is a fatal message.
2022-06-02 17:38:18.471 [main] WARN  com.example.tourplanner.logger.Log4J2Wrapper - This is a warning message.
2022-06-02 17:38:18.471 [main] ERROR com.example.tourplanner.logger.Log4J2Wrapper - This is an error message.
2022-06-02 17:38:37.271 [main] DEBUG com.example.tourplanner.logger.Log4J2Wrapper - This is a debug message.
2022-06-02 17:38:37.273 [main] FATAL com.example.tourplanner.logger.Log4J2Wrapper - This is a fatal message.
2022-06-02 17:38:37.273 [main] WARN  com.example.tourplanner.logger.Log4J2Wrapper - This is a warning message.
2022-06-02 17:38:37.273 [main] ERROR com.example.tourplanner.logger.Log4J2Wrapper - This is an error message.
2022-06-02 17:40:06.593 [main] DEBUG com.example.tourplanner.logger.Log4J2Wrapper - This is a debug message.
2022-06-02 17:40:06.595 [main] FATAL com.example.tourplanner.logger.Log4J2Wrapper - This is a fatal message.
2022-06-02 17:40:06.595 [main] WARN  com.example.tourplanner.logger.Log4J2Wrapper - This is a warning message.
2022-06-02 17:40:06.595 [main] ERROR com.example.tourplanner.logger.Log4J2Wrapper - This is an error message.
2022-06-02 17:40:23.826 [main] DEBUG com.example.tourplanner.logger.Log4J2Wrapper - This is a debug message.
2022-06-02 17:40:23.828 [main] FATAL com.example.tourplanner.logger.Log4J2Wrapper - This is a fatal message.
2022-06-02 17:40:23.828 [main] WARN  com.example.tourplanner.logger.Log4J2Wrapper - This is a warning message.
2022-06-02 17:40:23.828 [main] ERROR com.example.tourplanner.logger.Log4J2Wrapper - This is an error message.
2022-06-02 17:40:53.762 [main] DEBUG com.example.tourplanner.logger.Log4J2Wrapper - This is a debug message.
2022-06-02 17:40:53.764 [main] FATAL com.example.tourplanner.logger.Log4J2Wrapper - This is a fatal message.
2022-06-02 17:40:53.764 [main] WARN  com.example.tourplanner.logger.Log4J2Wrapper - This is a warning message.
2022-06-02 17:40:53.764 [main] ERROR com.example.tourplanner.logger.Log4J2Wrapper - This is an error message.
2022-06-02 17:43:59.562 [main] DEBUG com.example.tourplanner.logger.Log4J2Wrapper - This is a debug message.
2022-06-02 17:43:59.563 [main] FATAL com.example.tourplanner.logger.Log4J2Wrapper - This is a fatal message.
2022-06-02 17:43:59.564 [main] WARN  com.example.tourplanner.logger.Log4J2Wrapper - This is a warning message.
2022-06-02 17:43:59.564 [main] ERROR com.example.tourplanner.logger.Log4J2Wrapper - This is an error message.
2022-06-02 17:44:12.900 [main] DEBUG com.example.tourplanner.logger.Log4J2Wrapper - This is a debug message.
2022-06-02 17:44:12.901 [main] FATAL com.example.tourplanner.logger.Log4J2Wrapper - This is a fatal message.
2022-06-02 17:44:12.901 [main] WARN  com.example.tourplanner.logger.Log4J2Wrapper - This is a warning message.
2022-06-02 17:44:12.901 [main] ERROR com.example.tourplanner.logger.Log4J2Wrapper - This is an error message.
2022-06-02 17:45:14.057 [main] DEBUG com.example.tourplanner.logger.Log4J2Wrapper - This is a debug message.
2022-06-02 17:45:14.059 [main] FATAL com.example.tourplanner.logger.Log4J2Wrapper - This is a fatal message.
2022-06-02 17:45:14.059 [main] WARN  com.example.tourplanner.logger.Log4J2Wrapper - This is a warning message.
2022-06-02 17:45:14.059 [main] ERROR com.example.tourplanner.logger.Log4J2Wrapper - This is an error message.
2022-06-02 17:45:25.483 [main] DEBUG com.example.tourplanner.logger.Log4J2Wrapper - This is a debug message.
2022-06-02 17:45:25.484 [main] FATAL com.example.tourplanner.logger.Log4J2Wrapper - This is a fatal message.
2022-06-02 17:45:25.484 [main] WARN  com.example.tourplanner.logger.Log4J2Wrapper - This is a warning message.
2022-06-02 17:45:25.484 [main] ERROR com.example.tourplanner.logger.Log4J2Wrapper - This is an error message.
2022-06-02 17:47:16.967 [main] DEBUG com.example.tourplanner.logger.Log4J2Wrapper - This is a debug message.
2022-06-02 17:47:16.969 [main] FATAL com.example.tourplanner.logger.Log4J2Wrapper - This is a fatal message.
2022-06-02 17:47:16.969 [main] WARN  com.example.tourplanner.logger.Log4J2Wrapper - This is a warning message.
2022-06-02 17:47:16.969 [main] ERROR com.example.tourplanner.logger.Log4J2Wrapper - This is an error message.
2022-06-02 17:47:25.476 [main] DEBUG com.example.tourplanner.logger.Log4J2Wrapper - This is a debug message.
2022-06-02 17:47:25.477 [main] FATAL com.example.tourplanner.logger.Log4J2Wrapper - This is a fatal message.
2022-06-02 17:47:25.477 [main] WARN  com.example.tourplanner.logger.Log4J2Wrapper - This is a warning message.
2022-06-02 17:47:25.478 [main] ERROR com.example.tourplanner.logger.Log4J2Wrapper - This is an error message.
2022-06-02 17:47:53.370 [main] DEBUG com.example.tourplanner.logger.Log4J2Wrapper - This is a debug message.
2022-06-02 17:47:53.371 [main] FATAL com.example.tourplanner.logger.Log4J2Wrapper - This is a fatal message.
2022-06-02 17:47:53.371 [main] WARN  com.example.tourplanner.logger.Log4J2Wrapper - This is a warning message.
2022-06-02 17:47:53.372 [main] ERROR com.example.tourplanner.logger.Log4J2Wrapper - This is an error message.
2022-06-02 17:49:26.514 [main] DEBUG com.example.tourplanner.logger.Log4J2Wrapper - This is a debug message.
2022-06-02 17:49:26.515 [main] FATAL com.example.tourplanner.logger.Log4J2Wrapper - This is a fatal message.
2022-06-02 17:49:26.515 [main] WARN  com.example.tourplanner.logger.Log4J2Wrapper - This is a warning message.
2022-06-02 17:49:26.516 [main] ERROR com.example.tourplanner.logger.Log4J2Wrapper - This is an error message.
2022-06-02 17:50:06.649 [main] DEBUG com.example.tourplanner.logger.Log4J2Wrapper - This is a debug message.
2022-06-02 17:50:06.651 [main] FATAL com.example.tourplanner.logger.Log4J2Wrapper - This is a fatal message.
2022-06-02 17:50:06.651 [main] WARN  com.example.tourplanner.logger.Log4J2Wrapper - This is a warning message.
2022-06-02 17:50:06.651 [main] ERROR com.example.tourplanner.logger.Log4J2Wrapper - This is an error message.
2022-06-02 17:52:53.606 [main] DEBUG com.example.tourplanner.logger.Log4J2Wrapper - This is a debug message.
2022-06-02 17:52:53.608 [main] FATAL com.example.tourplanner.logger.Log4J2Wrapper - This is a fatal message.
2022-06-02 17:52:53.608 [main] WARN  com.example.tourplanner.logger.Log4J2Wrapper - This is a warning message.
2022-06-02 17:52:53.608 [main] ERROR com.example.tourplanner.logger.Log4J2Wrapper - This is an error message.
2022-06-02 17:53:23.261 [main] DEBUG com.example.tourplanner.logger.Log4J2Wrapper - This is a debug message.
2022-06-02 17:53:23.263 [main] FATAL com.example.tourplanner.logger.Log4J2Wrapper - This is a fatal message.
2022-06-02 17:53:23.263 [main] WARN  com.example.tourplanner.logger.Log4J2Wrapper - This is a warning message.
2022-06-02 17:53:23.263 [main] ERROR com.example.tourplanner.logger.Log4J2Wrapper - This is an error message.
2022-06-02 17:53:33.885 [main] DEBUG com.example.tourplanner.logger.Log4J2Wrapper - This is a debug message.
2022-06-02 17:53:33.886 [main] FATAL com.example.tourplanner.logger.Log4J2Wrapper - This is a fatal message.
2022-06-02 17:53:33.887 [main] WARN  com.example.tourplanner.logger.Log4J2Wrapper - This is a warning message.
2022-06-02 17:53:33.887 [main] ERROR com.example.tourplanner.logger.Log4J2Wrapper - This is an error message.
2022-06-02 17:53:52.140 [main] DEBUG com.example.tourplanner.logger.Log4J2Wrapper - This is a debug message.
2022-06-02 17:53:52.141 [main] FATAL com.example.tourplanner.logger.Log4J2Wrapper - This is a fatal message.
2022-06-02 17:53:52.142 [main] WARN  com.example.tourplanner.logger.Log4J2Wrapper - This is a warning message.
2022-06-02 17:53:52.142 [main] ERROR com.example.tourplanner.logger.Log4J2Wrapper - This is an error message.
2022-06-02 17:54:48.501 [main] DEBUG com.example.tourplanner.logger.Log4J2Wrapper - This is a debug message.
2022-06-02 17:54:48.502 [main] FATAL com.example.tourplanner.logger.Log4J2Wrapper - This is a fatal message.
2022-06-02 17:54:48.502 [main] WARN  com.example.tourplanner.logger.Log4J2Wrapper - This is a warning message.
2022-06-02 17:54:48.502 [main] ERROR com.example.tourplanner.logger.Log4J2Wrapper - This is an error message.
2022-06-02 17:57:06.619 [main] DEBUG com.example.tourplanner.logger.Log4J2Wrapper - This is a debug message.
2022-06-02 17:57:06.621 [main] FATAL com.example.tourplanner.logger.Log4J2Wrapper - This is a fatal message.
2022-06-02 17:57:06.621 [main] WARN  com.example.tourplanner.logger.Log4J2Wrapper - This is a warning message.
2022-06-02 17:57:06.621 [main] ERROR com.example.tourplanner.logger.Log4J2Wrapper - This is an error message.
2022-06-02 17:59:42.861 [main] DEBUG com.example.tourplanner.logger.Log4J2Wrapper - This is a debug message.
2022-06-02 17:59:42.863 [main] FATAL com.example.tourplanner.logger.Log4J2Wrapper - This is a fatal message.
2022-06-02 17:59:42.863 [main] WARN  com.example.tourplanner.logger.Log4J2Wrapper - This is a warning message.
2022-06-02 17:59:42.863 [main] ERROR com.example.tourplanner.logger.Log4J2Wrapper - This is an error message.
2022-06-02 17:59:58.625 [main] DEBUG com.example.tourplanner.logger.Log4J2Wrapper - This is a debug message.
2022-06-02 17:59:58.627 [main] FATAL com.example.tourplanner.logger.Log4J2Wrapper - This is a fatal message.
2022-06-02 17:59:58.627 [main] WARN  com.example.tourplanner.logger.Log4J2Wrapper - This is a warning message.
2022-06-02 17:59:58.627 [main] ERROR com.example.tourplanner.logger.Log4J2Wrapper - This is an error message.
2022-06-02 18:00:12.184 [main] DEBUG com.example.tourplanner.logger.Log4J2Wrapper - This is a debug message.
2022-06-02 18:00:12.185 [main] FATAL com.example.tourplanner.logger.Log4J2Wrapper - This is a fatal message.
2022-06-02 18:00:12.185 [main] WARN  com.example.tourplanner.logger.Log4J2Wrapper - This is a warning message.
2022-06-02 18:00:12.185 [main] ERROR com.example.tourplanner.logger.Log4J2Wrapper - This is an error message.
2022-06-02 18:00:25.656 [main] DEBUG com.example.tourplanner.logger.Log4J2Wrapper - This is a debug message.
2022-06-02 18:00:25.657 [main] FATAL com.example.tourplanner.logger.Log4J2Wrapper - This is a fatal message.
2022-06-02 18:00:25.657 [main] WARN  com.example.tourplanner.logger.Log4J2Wrapper - This is a warning message.
2022-06-02 18:00:25.657 [main] ERROR com.example.tourplanner.logger.Log4J2Wrapper - This is an error message.
2022-06-02 18:02:55.817 [main] DEBUG com.example.tourplanner.logger.Log4J2Wrapper - This is a debug message.
2022-06-02 18:02:55.819 [main] FATAL com.example.tourplanner.logger.Log4J2Wrapper - This is a fatal message.
2022-06-02 18:02:55.819 [main] WARN  com.example.tourplanner.logger.Log4J2Wrapper - This is a warning message.
2022-06-02 18:02:55.819 [main] ERROR com.example.tourplanner.logger.Log4J2Wrapper - This is an error message.
2022-06-02 18:04:28.173 [main] DEBUG com.example.tourplanner.logger.Log4J2Wrapper - This is a debug message.
2022-06-02 18:04:28.174 [main] FATAL com.example.tourplanner.logger.Log4J2Wrapper - This is a fatal message.
2022-06-02 18:04:28.174 [main] WARN  com.example.tourplanner.logger.Log4J2Wrapper - This is a warning message.
2022-06-02 18:04:28.175 [main] ERROR com.example.tourplanner.logger.Log4J2Wrapper - This is an error message.
2022-06-02 18:15:32.586 [main] DEBUG com.example.tourplanner.logger.Log4J2Wrapper - This is a debug message.
2022-06-02 18:15:32.588 [main] FATAL com.example.tourplanner.logger.Log4J2Wrapper - This is a fatal message.
2022-06-02 18:15:32.588 [main] WARN  com.example.tourplanner.logger.Log4J2Wrapper - This is a warning message.
2022-06-02 18:15:32.588 [main] ERROR com.example.tourplanner.logger.Log4J2Wrapper - This is an error message.
2022-06-02 18:16:19.781 [main] DEBUG com.example.tourplanner.logger.Log4J2Wrapper - This is a debug message.
2022-06-02 18:16:19.783 [main] FATAL com.example.tourplanner.logger.Log4J2Wrapper - This is a fatal message.
2022-06-02 18:16:19.783 [main] WARN  com.example.tourplanner.logger.Log4J2Wrapper - This is a warning message.
2022-06-02 18:16:19.783 [main] ERROR com.example.tourplanner.logger.Log4J2Wrapper - This is an error message.
2022-06-02 18:17:49.981 [main] DEBUG com.example.tourplanner.logger.Log4J2Wrapper - This is a debug message.
2022-06-02 18:17:49.983 [main] FATAL com.example.tourplanner.logger.Log4J2Wrapper - This is a fatal message.
2022-06-02 18:17:49.983 [main] WARN  com.example.tourplanner.logger.Log4J2Wrapper - This is a warning message.
2022-06-02 18:17:49.983 [main] ERROR com.example.tourplanner.logger.Log4J2Wrapper - This is an error message.
2022-06-02 18:19:59.929 [main] DEBUG com.example.tourplanner.logger.Log4J2Wrapper - This is a debug message.
2022-06-02 18:19:59.931 [main] FATAL com.example.tourplanner.logger.Log4J2Wrapper - This is a fatal message.
2022-06-02 18:19:59.931 [main] WARN  com.example.tourplanner.logger.Log4J2Wrapper - This is a warning message.
2022-06-02 18:19:59.931 [main] ERROR com.example.tourplanner.logger.Log4J2Wrapper - This is an error message.
2022-06-02 18:20:12.290 [main] DEBUG com.example.tourplanner.logger.Log4J2Wrapper - This is a debug message.
2022-06-02 18:20:12.292 [main] FATAL com.example.tourplanner.logger.Log4J2Wrapper - This is a fatal message.
2022-06-02 18:20:12.292 [main] WARN  com.example.tourplanner.logger.Log4J2Wrapper - This is a warning message.
2022-06-02 18:20:12.292 [main] ERROR com.example.tourplanner.logger.Log4J2Wrapper - This is an error message.
2022-06-02 18:30:24.047 [main] DEBUG com.example.tourplanner.logger.Log4J2Wrapper - This is a debug message.
2022-06-02 18:30:24.049 [main] FATAL com.example.tourplanner.logger.Log4J2Wrapper - This is a fatal message.
2022-06-02 18:30:24.049 [main] WARN  com.example.tourplanner.logger.Log4J2Wrapper - This is a warning message.
2022-06-02 18:30:24.049 [main] ERROR com.example.tourplanner.logger.Log4J2Wrapper - This is an error message.
2022-06-02 18:31:14.767 [main] DEBUG com.example.tourplanner.logger.Log4J2Wrapper - This is a debug message.
2022-06-02 18:31:14.768 [main] FATAL com.example.tourplanner.logger.Log4J2Wrapper - This is a fatal message.
2022-06-02 18:31:14.768 [main] WARN  com.example.tourplanner.logger.Log4J2Wrapper - This is a warning message.
2022-06-02 18:31:14.768 [main] ERROR com.example.tourplanner.logger.Log4J2Wrapper - This is an error message.
2022-06-02 18:31:45.218 [main] DEBUG com.example.tourplanner.logger.Log4J2Wrapper - This is a debug message.
2022-06-02 18:31:45.219 [main] FATAL com.example.tourplanner.logger.Log4J2Wrapper - This is a fatal message.
2022-06-02 18:31:45.219 [main] WARN  com.example.tourplanner.logger.Log4J2Wrapper - This is a warning message.
2022-06-02 18:31:45.220 [main] ERROR com.example.tourplanner.logger.Log4J2Wrapper - This is an error message.
2022-06-02 18:32:39.210 [main] DEBUG com.example.tourplanner.logger.Log4J2Wrapper - This is a debug message.
2022-06-02 18:32:39.213 [main] FATAL com.example.tourplanner.logger.Log4J2Wrapper - This is a fatal message.
2022-06-02 18:32:39.213 [main] WARN  com.example.tourplanner.logger.Log4J2Wrapper - This is a warning message.
2022-06-02 18:32:39.213 [main] ERROR com.example.tourplanner.logger.Log4J2Wrapper - This is an error message.
2022-06-02 18:32:47.723 [main] DEBUG com.example.tourplanner.logger.Log4J2Wrapper - This is a debug message.
2022-06-02 18:32:47.724 [main] FATAL com.example.tourplanner.logger.Log4J2Wrapper - This is a fatal message.
2022-06-02 18:32:47.724 [main] WARN  com.example.tourplanner.logger.Log4J2Wrapper - This is a warning message.
2022-06-02 18:32:47.724 [main] ERROR com.example.tourplanner.logger.Log4J2Wrapper - This is an error message.
2022-06-02 18:33:05.093 [main] DEBUG com.example.tourplanner.logger.Log4J2Wrapper - This is a debug message.
2022-06-02 18:33:05.095 [main] FATAL com.example.tourplanner.logger.Log4J2Wrapper - This is a fatal message.
2022-06-02 18:33:05.095 [main] WARN  com.example.tourplanner.logger.Log4J2Wrapper - This is a warning message.
2022-06-02 18:33:05.095 [main] ERROR com.example.tourplanner.logger.Log4J2Wrapper - This is an error message.
