2022-06-01 18:51:10.606 [main] DEBUG com.example.tourplanner.main - AThis is a debug message.
2022-06-01 18:51:10.607 [main] FATAL com.example.tourplanner.main - AThis is a fatal message.
2022-06-01 18:51:10.608 [main] WARN  com.example.tourplanner.main - AThis is a warning message.
2022-06-01 18:51:10.608 [main] ERROR com.example.tourplanner.main - AThis is an error message.
2022-06-01 18:51:10.608 [main] DEBUG com.example.tourplanner.logger.Log4J2Wrapper - This is a debug message.
2022-06-01 18:51:10.608 [main] FATAL com.example.tourplanner.logger.Log4J2Wrapper - This is a fatal message.
2022-06-01 18:51:10.608 [main] WARN  com.example.tourplanner.logger.Log4J2Wrapper - This is a warning message.
2022-06-01 18:51:10.608 [main] ERROR com.example.tourplanner.logger.Log4J2Wrapper - This is an error message.
2022-06-01 18:51:29.469 [main] DEBUG com.example.tourplanner.logger.Log4J2Wrapper - This is a debug message.
2022-06-01 18:51:29.470 [main] FATAL com.example.tourplanner.logger.Log4J2Wrapper - This is a fatal message.
2022-06-01 18:51:29.471 [main] WARN  com.example.tourplanner.logger.Log4J2Wrapper - This is a warning message.
2022-06-01 18:51:29.471 [main] ERROR com.example.tourplanner.logger.Log4J2Wrapper - This is an error message.
2022-06-01 18:52:56.580 [main] FATAL com.example.tourplanner.logger.Log4J2Wrapper - This is a fatal message.
2022-06-01 18:52:56.581 [main] WARN  com.example.tourplanner.logger.Log4J2Wrapper - This is a warning message.
2022-06-01 18:52:56.581 [main] ERROR com.example.tourplanner.logger.Log4J2Wrapper - This is an error message.
2022-06-01 18:56:07.842 [main] DEBUG com.example.tourplanner.logger.Log4J2Wrapper - This is a debug message.
2022-06-01 18:56:07.844 [main] FATAL com.example.tourplanner.logger.Log4J2Wrapper - This is a fatal message.
2022-06-01 18:56:07.844 [main] WARN  com.example.tourplanner.logger.Log4J2Wrapper - This is a warning message.
2022-06-01 18:56:07.844 [main] ERROR com.example.tourplanner.logger.Log4J2Wrapper - This is an error message.
2022-06-01 18:56:23.198 [main] DEBUG com.example.tourplanner.logger.Log4J2Wrapper - This is a debug message.
2022-06-01 18:56:23.199 [main] FATAL com.example.tourplanner.logger.Log4J2Wrapper - This is a fatal message.
2022-06-01 18:56:23.199 [main] WARN  com.example.tourplanner.logger.Log4J2Wrapper - This is a warning message.
2022-06-01 18:56:23.199 [main] ERROR com.example.tourplanner.logger.Log4J2Wrapper - This is an error message.
2022-06-01 18:56:37.145 [main] DEBUG com.example.tourplanner.logger.Log4J2Wrapper - This is a debug message.
2022-06-01 18:56:37.147 [main] FATAL com.example.tourplanner.logger.Log4J2Wrapper - This is a fatal message.
2022-06-01 18:56:37.147 [main] WARN  com.example.tourplanner.logger.Log4J2Wrapper - This is a warning message.
2022-06-01 18:56:37.147 [main] ERROR com.example.tourplanner.logger.Log4J2Wrapper - This is an error message.
2022-06-01 18:56:50.033 [main] DEBUG com.example.tourplanner.logger.Log4J2Wrapper - This is a debug message.
2022-06-01 18:56:50.035 [main] FATAL com.example.tourplanner.logger.Log4J2Wrapper - This is a fatal message.
2022-06-01 18:56:50.035 [main] WARN  com.example.tourplanner.logger.Log4J2Wrapper - This is a warning message.
2022-06-01 18:56:50.035 [main] ERROR com.example.tourplanner.logger.Log4J2Wrapper - This is an error message.
2022-06-01 18:57:51.528 [main] DEBUG com.example.tourplanner.logger.Log4J2Wrapper - This is a debug message.
2022-06-01 18:57:51.529 [main] FATAL com.example.tourplanner.logger.Log4J2Wrapper - This is a fatal message.
2022-06-01 18:57:51.530 [main] WARN  com.example.tourplanner.logger.Log4J2Wrapper - This is a warning message.
2022-06-01 18:57:51.530 [main] ERROR com.example.tourplanner.logger.Log4J2Wrapper - This is an error message.
2022-06-01 18:58:00.922 [main] DEBUG com.example.tourplanner.logger.Log4J2Wrapper - This is a debug message.
2022-06-01 18:58:00.924 [main] FATAL com.example.tourplanner.logger.Log4J2Wrapper - This is a fatal message.
2022-06-01 18:58:00.924 [main] WARN  com.example.tourplanner.logger.Log4J2Wrapper - This is a warning message.
2022-06-01 18:58:00.924 [main] ERROR com.example.tourplanner.logger.Log4J2Wrapper - This is an error message.
2022-06-01 19:02:05.921 [main] DEBUG com.example.tourplanner.logger.Log4J2Wrapper - This is a debug message.
2022-06-01 19:02:05.923 [main] FATAL com.example.tourplanner.logger.Log4J2Wrapper - This is a fatal message.
2022-06-01 19:02:05.923 [main] WARN  com.example.tourplanner.logger.Log4J2Wrapper - This is a warning message.
2022-06-01 19:02:05.923 [main] ERROR com.example.tourplanner.logger.Log4J2Wrapper - This is an error message.
2022-06-01 19:08:24.002 [main] DEBUG com.example.tourplanner.logger.Log4J2Wrapper - This is a debug message.
2022-06-01 19:08:24.004 [main] FATAL com.example.tourplanner.logger.Log4J2Wrapper - This is a fatal message.
2022-06-01 19:08:24.004 [main] WARN  com.example.tourplanner.logger.Log4J2Wrapper - This is a warning message.
2022-06-01 19:08:24.004 [main] ERROR com.example.tourplanner.logger.Log4J2Wrapper - This is an error message.
